[2016-03-18 10:14:29] START
[2016-03-18 10:14:29] EDIT SIAGES/controllers/default.py: 0
[2016-03-18 10:15:38] EDIT SIAGES/controllers/notificaciones.py: 0
[2016-03-18 13:02:28] EDIT SIAGES/controllers/default.py: 0
[2016-03-18 13:04:15] EDIT SIAGES/controllers/default.py: -7
[2016-03-18 13:05:28] EDIT SIAGES/controllers/default.py: -7
[2016-03-18 13:05:48] EDIT SIAGES/controllers/default.py: 0
[2016-03-18 13:05:50] EDIT SIAGES/controllers/default.py: 0
[2016-03-18 13:05:50] EDIT SIAGES/controllers/default.py: 0
[2016-03-18 13:05:50] EDIT SIAGES/controllers/default.py: 0
[2016-03-18 13:05:50] EDIT SIAGES/controllers/default.py: 0
[2016-03-18 13:16:30] EDIT SIAGES/views/notificaciones/notifications.html: -10
[2016-03-18 13:20:05] EDIT SIAGES/modules/notificaciones.py: 2
[2016-03-18 13:23:02] EDIT SIAGES/controllers/default.py: 0
[2016-03-18 13:24:07] EDIT SIAGES/controllers/default.py: 1
[2016-03-18 13:24:30] EDIT SIAGES/controllers/default.py: -1
[2016-03-18 13:28:47] EDIT SIAGES/controllers/solicitudes.py: 0
[2016-03-18 13:29:21] EDIT SIAGES/controllers/solicitudes.py: 1
[2016-03-18 13:32:04] EDIT SIAGES/modules/notificaciones.py: 1
[2016-03-18 13:32:37] EDIT SIAGES/modules/notificaciones.py: 0
[2016-03-18 13:34:12] EDIT SIAGES/modules/notificaciones.py: 0
[2016-03-18 13:34:17] EDIT SIAGES/modules/notificaciones.py: 0
[2016-03-18 13:34:43] EDIT SIAGES/modules/notificaciones.py: 1
[2016-03-18 13:35:21] EDIT SIAGES/modules/notificaciones.py: -1
[2016-03-18 13:36:51] EDIT SIAGES/controllers/solicitudes.py: -1
[2016-03-18 13:38:52] EDIT SIAGES/modules/notificaciones.py: 1
[2016-03-18 13:39:26] EDIT SIAGES/modules/notificaciones.py: -1
[2016-03-18 13:40:22] EDIT SIAGES/modules/notificaciones.py: 1
[2016-03-18 13:41:11] EDIT SIAGES/modules/notificaciones.py: -1
[2016-03-18 13:42:12] EDIT SIAGES/controllers/solicitudes.py: 0
